[debug] [2025-02-14T01:01:10.746Z] ----------------------------------------------------------------------
[debug] [2025-02-14T01:01:10.749Z] Command:       C:\Program Files\nodejs\node.exe C:\Users\george\AppData\Roaming\npm\node_modules\firebase-tools\lib\bin\firebase.js init hosting
[debug] [2025-02-14T01:01:10.750Z] CLI Version:   13.31.1
[debug] [2025-02-14T01:01:10.750Z] Platform:      win32
[debug] [2025-02-14T01:01:10.750Z] Node Version:  v20.16.0
[debug] [2025-02-14T01:01:10.750Z] Time:          Thu Feb 13 2025 22:01:10 GMT-0300 (Horário Padrão de Brasília)
[debug] [2025-02-14T01:01:10.750Z] ----------------------------------------------------------------------
[debug] 
[debug] [2025-02-14T01:01:10.757Z] > command requires scopes: ["email","openid","https://www.googleapis.com/auth/cloudplatformprojects.readonly","https://www.googleapis.com/auth/firebase","https://www.googleapis.com/auth/cloud-platform"]
[debug] [2025-02-14T01:01:10.757Z] > authorizing via signed-in user (jogos.alvez@gmail.com)
[info] 
     ######## #### ########  ######## ########     ###     ######  ########
     ##        ##  ##     ## ##       ##     ##  ##   ##  ##       ##
     ######    ##  ########  ######   ########  #########  ######  ######
     ##        ##  ##    ##  ##       ##     ## ##     ##       ## ##
     ##       #### ##     ## ######## ########  ##     ##  ######  ########

You're about to initialize a Firebase project in this directory:

  D:\firebase

[info] 
=== Project Setup
[info] 
[info] First, let's associate this project directory with a Firebase project.
[info] You can create multiple project aliases by running firebase use --add, 
[info] but for now we'll just set up a default project.
[info] 
[debug] [2025-02-14T01:01:25.950Z] Checked if tokens are valid: true, expires at: 1739497741462
[debug] [2025-02-14T01:01:25.951Z] Checked if tokens are valid: true, expires at: 1739497741462
[debug] [2025-02-14T01:01:25.952Z] >>> [apiv2][query] GET https://firebase.googleapis.com/v1beta1/projects pageSize=100
[debug] [2025-02-14T01:01:26.806Z] <<< [apiv2][status] GET https://firebase.googleapis.com/v1beta1/projects 200
[debug] [2025-02-14T01:01:26.806Z] <<< [apiv2][body] GET https://firebase.googleapis.com/v1beta1/projects [omitted]
[info] i  Using project aprendendo-e6b95 (Aprendendo) 
[info] 
=== Hosting Setup
[debug] [2025-02-14T01:01:30.675Z] Checked if tokens are valid: true, expires at: 1739497741462
[debug] [2025-02-14T01:01:30.675Z] Checked if tokens are valid: true, expires at: 1739497741462
[debug] [2025-02-14T01:01:30.676Z] >>> [apiv2][query] GET https://firebase.googleapis.com/v1beta1/projects/aprendendo-e6b95 [none]
[debug] [2025-02-14T01:01:31.005Z] <<< [apiv2][status] GET https://firebase.googleapis.com/v1beta1/projects/aprendendo-e6b95 200
[debug] [2025-02-14T01:01:31.005Z] <<< [apiv2][body] GET https://firebase.googleapis.com/v1beta1/projects/aprendendo-e6b95 {"projectId":"aprendendo-e6b95","projectNumber":"793101725216","displayName":"Aprendendo","name":"projects/aprendendo-e6b95","resources":{"hostingSite":"aprendendo-e6b95","locationId":"us-central"},"state":"ACTIVE","etag":"1_3a84bde8-a0cd-4c46-bdec-9ea04710b0b9"}
[info] 
[info] Your public directory is the folder (relative to your project directory) that
[info] will contain Hosting assets to be uploaded with firebase deploy. If you
[info] have a build process for your assets, use your build's output directory.
[info] 
[debug] [2025-02-14T01:01:57.118Z] >>> [apiv2][query] GET https://www.gstatic.com/firebasejs/releases.json [none]
[debug] [2025-02-14T01:01:57.272Z] <<< [apiv2][status] GET https://www.gstatic.com/firebasejs/releases.json 200
[debug] [2025-02-14T01:01:57.272Z] <<< [apiv2][body] GET https://www.gstatic.com/firebasejs/releases.json {"current":{"version":"11.3.1","browserURL":"https://www.gstatic.com/firebasejs/11.3.1/firebase.js","packageURL":"https://www.gstatic.com/firebasejs/11.3.1/firebase.tgz"},"live":{"version":"11.3","browserURL":"https://www.gstatic.com/firebasejs/live/11.3/firebase.js","packageURL":"https://www.gstatic.com/firebasejs/live/11.3/firebase.tgz"},"components":{"analytics":"https://www.gstatic.com/firebasejs/11.3.1/firebase-analytics.js","app":"https://www.gstatic.com/firebasejs/11.3.1/firebase-app.js","app-check":"https://www.gstatic.com/firebasejs/11.3.1/firebase-app-check.js","auth":"https://www.gstatic.com/firebasejs/11.3.1/firebase-auth.js","auth/cordova":"https://www.gstatic.com/firebasejs/11.3.1/firebase-auth/cordova.js","auth/web-extension":"https://www.gstatic.com/firebasejs/11.3.1/firebase-auth/web-extension.js","functions":"https://www.gstatic.com/firebasejs/11.3.1/firebase-functions.js","firestore":"https://www.gstatic.com/firebasejs/11.3.1/firebase-firestore.js","firestore/lite":"https://www.gstatic.com/firebasejs/11.3.1/firebase-firestore/lite.js","installations":"https://www.gstatic.com/firebasejs/11.3.1/firebase-installations.js","storage":"https://www.gstatic.com/firebasejs/11.3.1/firebase-storage.js","performance":"https://www.gstatic.com/firebasejs/11.3.1/firebase-performance.js","remote-config":"https://www.gstatic.com/firebasejs/11.3.1/firebase-remote-config.js","messaging":"https://www.gstatic.com/firebasejs/11.3.1/firebase-messaging.js","messaging/sw":"https://www.gstatic.com/firebasejs/11.3.1/firebase-messaging/sw.js","database":"https://www.gstatic.com/firebasejs/11.3.1/firebase-database.js","vertexai":"https://www.gstatic.com/firebasejs/11.3.1/firebase-vertexai.js","data-connect":"https://www.gstatic.com/firebasejs/11.3.1/firebase-data-connect.js","firestore.memory":"https://www.gstatic.com/firebasejs/11.3.1/firebase-firestore.memory.js"}}
[info] +  Wrote public/index.html 
[info] 
[info] i  Detected a .git folder at D:\firebase 
[info] i  Authorizing with GitHub to upload your service account to a GitHub repository's secrets store. 
[info] 
[info] Visit this URL on this device to log in:
[info] https://github.com/login/oauth/authorize?client_id=89cf50f02ac6aaed3484&state=273707108&redirect_uri=http%3A%2F%2Flocalhost%3A9005&scope=read%3Auser%20repo%20public_repo
[info] 
[info] Waiting for authentication...
[debug] [2025-02-14T01:02:35.587Z] >>> [apiv2][query] POST https://github.com/login/oauth/access_token [none]
[debug] [2025-02-14T01:02:35.588Z] >>> [apiv2][body] POST https://github.com/login/oauth/access_token [stream]
[debug] [2025-02-14T01:02:35.885Z] <<< [apiv2][status] POST https://github.com/login/oauth/access_token 200
[debug] [2025-02-14T01:02:35.886Z] <<< [apiv2][body] POST https://github.com/login/oauth/access_token {"access_token":"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","token_type":"bearer","scope":"read:user,repo"}
[debug] [2025-02-14T01:02:35.888Z] >>> [apiv2][query] GET https://api.github.com/user [none]
[debug] [2025-02-14T01:02:36.155Z] <<< [apiv2][status] GET https://api.github.com/user 200
[debug] [2025-02-14T01:02:36.156Z] <<< [apiv2][body] GET https://api.github.com/user {"login":"townsend10","id":71576588,"node_id":"MDQ6VXNlcjcxNTc2NTg4","avatar_url":"https://avatars.githubusercontent.com/u/71576588?v=4","gravatar_id":"","url":"https://api.github.com/users/townsend10","html_url":"https://github.com/townsend10","followers_url":"https://api.github.com/users/townsend10/followers","following_url":"https://api.github.com/users/townsend10/following{/other_user}","gists_url":"https://api.github.com/users/townsend10/gists{/gist_id}","starred_url":"https://api.github.com/users/townsend10/starred{/owner}{/repo}","subscriptions_url":"https://api.github.com/users/townsend10/subscriptions","organizations_url":"https://api.github.com/users/townsend10/orgs","repos_url":"https://api.github.com/users/townsend10/repos","events_url":"https://api.github.com/users/townsend10/events{/privacy}","received_events_url":"https://api.github.com/users/townsend10/received_events","type":"User","user_view_type":"private","site_admin":false,"name":"George Alves","company":null,"blog":"","location":null,"email":null,"hireable":null,"bio":"React | Typescript | JavaScript ","twitter_username":null,"notification_email":null,"public_repos":13,"public_gists":0,"followers":2,"following":2,"created_at":"2020-09-20T02:26:19Z","updated_at":"2024-07-29T13:24:31Z","private_gists":0,"total_private_repos":19,"owned_private_repos":19,"disk_usage":31733,"collaborators":2,"two_factor_authentication":true,"plan":{"name":"free","space":976562499,"collaborators":0,"private_repos":10000}}
[info] 
[info] +  Success! Logged into GitHub as townsend10 
[info] 
[debug] [2025-02-14T01:02:49.782Z] >>> [apiv2][query] GET https://api.github.com/repos//actions/secrets/public-key type=owner
[debug] [2025-02-14T01:02:49.987Z] <<< [apiv2][status] GET https://api.github.com/repos//actions/secrets/public-key 404
[debug] [2025-02-14T01:02:49.987Z] <<< [apiv2][body] GET https://api.github.com/repos//actions/secrets/public-key {"message":"Not Found","documentation_url":"https://docs.github.com/rest","status":"404"}
[info] 
[info] 
[error] !  The provided authorization cannot be used with this repository. If this repository is in an organization, did you remember to grant access? 
[info] 
[info] i  Action required: Visit this URL to ensure access has been granted to the appropriate organization(s) for the Firebase CLI GitHub OAuth App: 
[info] https://github.com/settings/connections/applications/89cf50f02ac6aaed3484
[info] 
[debug] [2025-02-14T01:03:10.046Z] >>> [apiv2][query] GET https://api.github.com/repos//actions/secrets/public-key type=owner
[debug] [2025-02-14T01:03:10.252Z] <<< [apiv2][status] GET https://api.github.com/repos//actions/secrets/public-key 404
[debug] [2025-02-14T01:03:10.252Z] <<< [apiv2][body] GET https://api.github.com/repos//actions/secrets/public-key {"message":"Not Found","documentation_url":"https://docs.github.com/rest","status":"404"}
[info] 
[info] 
[error] !  The provided authorization cannot be used with this repository. If this repository is in an organization, did you remember to grant access? 
[info] 
[info] i  Action required: Visit this URL to ensure access has been granted to the appropriate organization(s) for the Firebase CLI GitHub OAuth App: 
[info] https://github.com/settings/connections/applications/89cf50f02ac6aaed3484
[info] 
